****                   ADMIXTURE Version 1.3.0                  ****
****                    Copyright 2008-2015                     ****
****           David Alexander, Suyash Shringarpure,            ****
****                John  Novembre, Ken Lange                   ****
****                                                            ****
****                 Please cite our paper!                     ****
****   Information at www.genetics.ucla.edu/software/admixture  ****

Cross-validation will be performed.  Folds=5.
Random seed: 43
Point estimation method: Block relaxation algorithm
Convergence acceleration algorithm: QuasiNewton, 3 secant conditions
Point estimation will terminate when objective function delta < 0.0001
Estimation of standard errors disabled; will compute point estimates only.
Size of G: 2504x11406
Performing five EM steps to prime main algorithm
1 (EM) 	Elapsed: 1.685	Loglikelihood: -2.71962e+06	(delta): 4.30993e+07
2 (EM) 	Elapsed: 1.678	Loglikelihood: -2.57603e+06	(delta): 143594
3 (EM) 	Elapsed: 1.7	Loglikelihood: -2.55297e+06	(delta): 23057.3
4 (EM) 	Elapsed: 1.533	Loglikelihood: -2.53963e+06	(delta): 13337.5
5 (EM) 	Elapsed: 1.661	Loglikelihood: -2.53115e+06	(delta): 8478.79
Initial loglikelihood: -2.53115e+06
Starting main algorithm
1 (QN/Block) 	Elapsed: 4.549	Loglikelihood: -2.40304e+06	(delta): 128109
2 (QN/Block) 	Elapsed: 4.451	Loglikelihood: -2.34082e+06	(delta): 62222.2
3 (QN/Block) 	Elapsed: 4.793	Loglikelihood: -2.32001e+06	(delta): 20811
4 (QN/Block) 	Elapsed: 5.237	Loglikelihood: -2.30122e+06	(delta): 18786.9
5 (QN/Block) 	Elapsed: 4.79	Loglikelihood: -2.29638e+06	(delta): 4844.22
6 (QN/Block) 	Elapsed: 5.658	Loglikelihood: -2.29557e+06	(delta): 805.094
7 (QN/Block) 	Elapsed: 4.758	Loglikelihood: -2.29523e+06	(delta): 344.548
8 (QN/Block) 	Elapsed: 4.789	Loglikelihood: -2.29518e+06	(delta): 51.3595
9 (QN/Block) 	Elapsed: 5.053	Loglikelihood: -2.29516e+06	(delta): 14.0156
10 (QN/Block) 	Elapsed: 5.407	Loglikelihood: -2.29516e+06	(delta): 1.61709
11 (QN/Block) 	Elapsed: 5.085	Loglikelihood: -2.29516e+06	(delta): 0.0134192
12 (QN/Block) 	Elapsed: 4.97	Loglikelihood: -2.29516e+06	(delta): 0.00382499
13 (QN/Block) 	Elapsed: 5.027	Loglikelihood: -2.29516e+06	(delta): 0.00196781
14 (QN/Block) 	Elapsed: 4.999	Loglikelihood: -2.29516e+06	(delta): 0.000442585
15 (QN/Block) 	Elapsed: 4.804	Loglikelihood: -2.29516e+06	(delta): 2.36598e-05
Summary: 
Converged in 15 iterations (87.234 sec)
Loglikelihood: -2295161.624041
Fst divergences between estimated populations: 
	Pop0	Pop1	
Pop0	
Pop1	0.076	
Pop2	0.104	0.124	
CV error (K=3): 0.04804
Writing output files.
