****                   ADMIXTURE Version 1.3.0                  ****
****                    Copyright 2008-2015                     ****
****           David Alexander, Suyash Shringarpure,            ****
****                John  Novembre, Ken Lange                   ****
****                                                            ****
****                 Please cite our paper!                     ****
****   Information at www.genetics.ucla.edu/software/admixture  ****

Cross-validation will be performed.  Folds=5.
Random seed: 43
Point estimation method: Block relaxation algorithm
Convergence acceleration algorithm: QuasiNewton, 3 secant conditions
Point estimation will terminate when objective function delta < 0.0001
Estimation of standard errors disabled; will compute point estimates only.
Size of G: 2504x11406
Performing five EM steps to prime main algorithm
1 (EM) 	Elapsed: 1.12	Loglikelihood: -2.66718e+06	(delta): 4.64894e+07
2 (EM) 	Elapsed: 1.15	Loglikelihood: -2.56333e+06	(delta): 103856
3 (EM) 	Elapsed: 1.163	Loglikelihood: -2.5405e+06	(delta): 22825
4 (EM) 	Elapsed: 1.163	Loglikelihood: -2.53014e+06	(delta): 10362.5
5 (EM) 	Elapsed: 1.148	Loglikelihood: -2.52518e+06	(delta): 4961
Initial loglikelihood: -2.52518e+06
Starting main algorithm
1 (QN/Block) 	Elapsed: 2.988	Loglikelihood: -2.49452e+06	(delta): 30657.5
2 (QN/Block) 	Elapsed: 3.008	Loglikelihood: -2.42624e+06	(delta): 68275.9
3 (QN/Block) 	Elapsed: 3.535	Loglikelihood: -2.4019e+06	(delta): 24341.3
4 (QN/Block) 	Elapsed: 3.917	Loglikelihood: -2.36829e+06	(delta): 33609.7
5 (QN/Block) 	Elapsed: 3.359	Loglikelihood: -2.3536e+06	(delta): 14694.5
6 (QN/Block) 	Elapsed: 3.855	Loglikelihood: -2.35172e+06	(delta): 1880.19
7 (QN/Block) 	Elapsed: 3.499	Loglikelihood: -2.35133e+06	(delta): 388.918
8 (QN/Block) 	Elapsed: 3.509	Loglikelihood: -2.3513e+06	(delta): 28.9167
9 (QN/Block) 	Elapsed: 4.012	Loglikelihood: -2.3513e+06	(delta): 1.30358
10 (QN/Block) 	Elapsed: 3.579	Loglikelihood: -2.3513e+06	(delta): 0.0279555
11 (QN/Block) 	Elapsed: 3.566	Loglikelihood: -2.3513e+06	(delta): 0.00186398
12 (QN/Block) 	Elapsed: 3.273	Loglikelihood: -2.3513e+06	(delta): 0.000249148
13 (QN/Block) 	Elapsed: 3.293	Loglikelihood: -2.3513e+06	(delta): 2.98908e-06
Summary: 
Converged in 13 iterations (54.978 sec)
Loglikelihood: -2351298.187849
Fst divergences between estimated populations: 
	Pop0	
Pop0	
Pop1	0.099	
CV error (K=2): 0.04978
Writing output files.
